INFO  Start processing
INFO  Files loaded in 1.08 s
INFO  0 files generated in 2.28 s
INFO  Hexo is watching for file changes. Press Ctrl+C to exit.
INFO  Start processing
INFO  Files loaded in 2.84 s
INFO  Generated: content.json
INFO  Generated: 2019/04/24/ddctf-writeup/index.html
INFO  Generated: 2019/01/25/DVWA搭建教程/index.html
INFO  Generated: 2017/10/12/shianbei2017Writeup/index.html
INFO  Generated: 2017/09/20/2017铁人三项华中区域选拔赛总结/index.html
INFO  Generated: 2017/09/20/图片爬虫/index.html
INFO  Generated: archives/index.html
INFO  Generated: archives/page/2/index.html
INFO  Generated: archives/2017/index.html
INFO  Generated: archives/2017/09/index.html
INFO  Generated: archives/2017/10/index.html
INFO  Generated: archives/2019/index.html
INFO  Generated: archives/2019/01/index.html
INFO  Generated: archives/2019/04/index.html
INFO  Generated: archives/2019/05/index.html
INFO  Generated: archives/2019/08/index.html
INFO  Generated: index.html
INFO  Generated: tags/writeup/index.html
INFO  Generated: tags/writeup/page/2/index.html
INFO  Generated: 2019/05/01/adword_xctf/index.html
INFO  Generated: 2019/04/30/2019国赛/index.html
INFO  Generated: 2019/08/09/De1ctf-2019-writeup/index.html
INFO  Generated: archives/2020/index.html
INFO  Generated: archives/2020/01/index.html
INFO  Generated: 2020/01/01/swpuctf2019wp/index.html
INFO  25 files generated in 2.01 s
INFO  Hexo is watching for file changes. Press Ctrl+C to exit.
INFO  Generated: 2020/01/01/swpuctf2019wp/index.html
INFO  Generated: index.html
